Determining if the pthread_create exist failed with the following output:
Change Dir: /home/thatata/workplace/source/sd/sd-18-hatata_magnan/modeling_gui/ModelingWindow/build/CMakeFiles/CMakeTmp

Run Build Command:"/usr/bin/make" "cmTC_c6d83/fast"
/usr/bin/make -f CMakeFiles/cmTC_c6d83.dir/build.make CMakeFiles/cmTC_c6d83.dir/build
make[1]: Entering directory '/home/thatata/workplace/source/sd/sd-18-hatata_magnan/modeling_gui/ModelingWindow/build/CMakeFiles/CMakeTmp'
Building C object CMakeFiles/cmTC_c6d83.dir/CheckSymbolExists.c.o
/usr/bin/gcc     -o CMakeFiles/cmTC_c6d83.dir/CheckSymbolExists.c.o   -c /home/thatata/workplace/source/sd/sd-18-hatata_magnan/modeling_gui/ModelingWindow/build/CMakeFiles/CMakeTmp/CheckSymbolExists.c
Linking C executable cmTC_c6d83
/usr/bin/cmake -E cmake_link_script CMakeFiles/cmTC_c6d83.dir/link.txt --verbose=1
/usr/bin/gcc        CMakeFiles/cmTC_c6d83.dir/CheckSymbolExists.c.o  -o cmTC_c6d83 -rdynamic 
CMakeFiles/cmTC_c6d83.dir/CheckSymbolExists.c.o: In function `main':
CheckSymbolExists.c:(.text+0x16): undefined reference to `pthread_create'
collect2: error: ld returned 1 exit status
CMakeFiles/cmTC_c6d83.dir/build.make:97: recipe for target 'cmTC_c6d83' failed
make[1]: *** [cmTC_c6d83] Error 1
make[1]: Leaving directory '/home/thatata/workplace/source/sd/sd-18-hatata_magnan/modeling_gui/ModelingWindow/build/CMakeFiles/CMakeTmp'
Makefile:126: recipe for target 'cmTC_c6d83/fast' failed
make: *** [cmTC_c6d83/fast] Error 2

File /home/thatata/workplace/source/sd/sd-18-hatata_magnan/modeling_gui/ModelingWindow/build/CMakeFiles/CMakeTmp/CheckSymbolExists.c:
/* */
#include <pthread.h>

int main(int argc, char** argv)
{
  (void)argv;
#ifndef pthread_create
  return ((int*)(&pthread_create))[argc];
#else
  (void)argc;
  return 0;
#endif
}

Determining if the function pthread_create exists in the pthreads failed with the following output:
Change Dir: /home/thatata/workplace/source/sd/sd-18-hatata_magnan/modeling_gui/ModelingWindow/build/CMakeFiles/CMakeTmp

Run Build Command:"/usr/bin/make" "cmTC_39d5b/fast"
/usr/bin/make -f CMakeFiles/cmTC_39d5b.dir/build.make CMakeFiles/cmTC_39d5b.dir/build
make[1]: Entering directory '/home/thatata/workplace/source/sd/sd-18-hatata_magnan/modeling_gui/ModelingWindow/build/CMakeFiles/CMakeTmp'
Building C object CMakeFiles/cmTC_39d5b.dir/CheckFunctionExists.c.o
/usr/bin/gcc    -DCHECK_FUNCTION_EXISTS=pthread_create   -o CMakeFiles/cmTC_39d5b.dir/CheckFunctionExists.c.o   -c /usr/share/cmake-3.5/Modules/CheckFunctionExists.c
Linking C executable cmTC_39d5b
/usr/bin/cmake -E cmake_link_script CMakeFiles/cmTC_39d5b.dir/link.txt --verbose=1
/usr/bin/gcc    -DCHECK_FUNCTION_EXISTS=pthread_create    CMakeFiles/cmTC_39d5b.dir/CheckFunctionExists.c.o  -o cmTC_39d5b -rdynamic -lpthreads 
/usr/bin/ld: cannot find -lpthreads
collect2: error: ld returned 1 exit status
CMakeFiles/cmTC_39d5b.dir/build.make:97: recipe for target 'cmTC_39d5b' failed
make[1]: *** [cmTC_39d5b] Error 1
make[1]: Leaving directory '/home/thatata/workplace/source/sd/sd-18-hatata_magnan/modeling_gui/ModelingWindow/build/CMakeFiles/CMakeTmp'
Makefile:126: recipe for target 'cmTC_39d5b/fast' failed
make: *** [cmTC_39d5b/fast] Error 2


